<?xml version="1.0" encoding="UTF-8"?>
<!-- Generated by org.testng.reporters.JUnitReportReporter -->
<testsuite hostname="DESKTOP-SFGLNDS" failures="0" tests="1" name="com.ui.test.TestRunner" time="38.536" errors="0" timestamp="2025-06-12T12:58:56 BST" skipped="0">
  <testcase classname="com.ui.test.TestRunner" name="TicketSearchTest" time="38.536"/>
</testsuite> <!-- com.ui.test.TestRunner -->
